<?xml version="1.0" encoding="UTF-8"?>
<!-- Generated by org.testng.reporters.JUnitXMLReporter -->
<testsuite hostname="dhrub" ignored="0" name="Default test" tests="4" failures="0" timestamp="2021-02-22T17:20:19 CST" time="18.962" errors="0">
  <testcase name="VerifyAddCustomerLabelTest" time="0.144" classname="com.test.AddCategoryPageTest"/>
  <testcase name="EnterNewCategoryTest" time="0.149" classname="com.test.AddCategoryPageTest"/>
  <testcase name="EnterToggleAllButton" time="0.098" classname="com.test.AddCategoryPageTest"/>
  <testcase name="EnterAddCategoryButton" time="0.629" classname="com.test.AddCategoryPageTest"/>
</testsuite> <!-- Default test -->
